# JRE version: OpenJDK Runtime Environment (8.0_242-b01) (build 1.8.0_242-release-1644-b01)
# Java VM: OpenJDK 64-Bit Server VM (25.242-b01 mixed mode windows-amd64 compressed oops)
Heap:
 PSYoungGen      total 130048K, used 16033K [0x00000000f5580000, 0x0000000100000000, 0x0000000100000000)
  eden space 116224K, 5% used [0x00000000f5580000,0x00000000f5c191a8,0x00000000fc700000)
  from space 13824K, 67% used [0x00000000fc700000,0x00000000fd00f298,0x00000000fd480000)
  to   space 13824K, 0% used [0x00000000ff280000,0x00000000ff280000,0x0000000100000000)
 ParOldGen       total 129536K, used 34877K [0x00000000e0000000, 0x00000000e7e80000, 0x00000000f5580000)
  object space 129536K, 26% used [0x00000000e0000000,0x00000000e220f6a8,0x00000000e7e80000)
 Metaspace       used 62318K, capacity 65046K, committed 65240K, reserved 1105920K
  class space    used 8578K, capacity 9123K, committed 9216K, reserved 1048576K
GC Heap History (10 events):
Event: 18.800 GC heap before
{Heap before GC invocations=14 (full 2):
 PSYoungGen      total 79360K, used 74763K [0x00000000f5580000, 0x00000000fc380000, 0x0000000100000000)
  eden space 68096K, 100% used [0x00000000f5580000,0x00000000f9800000,0x00000000f9800000)
  from space 11264K, 59% used [0x00000000f9800000,0x00000000f9e82f90,0x00000000fa300000)
  to   space 10752K, 0% used [0x00000000fb900000,0x00000000fb900000,0x00000000fc380000)
 ParOldGen       total 85504K, used 15090K [0x00000000e0000000, 0x00000000e5380000, 0x00000000f5580000)
  object space 85504K, 17% used [0x00000000e0000000,0x00000000e0ebcb10,0x00000000e5380000)
 Metaspace       used 40025K, capacity 41924K, committed 42072K, reserved 1085440K
  class space    used 5506K, capacity 5890K, committed 6016K, reserved 1048576K
Event: 18.831 GC heap after
Heap after GC invocations=14 (full 2):
 PSYoungGen      total 98816K, used 5341K [0x00000000f5580000, 0x00000000fc200000, 0x0000000100000000)
  eden space 89600K, 0% used [0x00000000f5580000,0x00000000f5580000,0x00000000fad00000)
  from space 9216K, 57% used [0x00000000fb900000,0x00000000fbe37458,0x00000000fc200000)
  to   space 10752K, 0% used [0x00000000fad00000,0x00000000fad00000,0x00000000fb780000)
 ParOldGen       total 85504K, used 19014K [0x00000000e0000000, 0x00000000e5380000, 0x00000000f5580000)
  object space 85504K, 22% used [0x00000000e0000000,0x00000000e1291a10,0x00000000e5380000)
 Metaspace       used 40025K, capacity 41924K, committed 42072K, reserved 1085440K
  class space    used 5506K, capacity 5890K, committed 6016K, reserved 1048576K
}
Event: 23.877 GC heap before
{Heap before GC invocations=15 (full 2):
 PSYoungGen      total 98816K, used 94941K [0x00000000f5580000, 0x00000000fc200000, 0x0000000100000000)
  eden space 89600K, 100% used [0x00000000f5580000,0x00000000fad00000,0x00000000fad00000)
  from space 9216K, 57% used [0x00000000fb900000,0x00000000fbe37458,0x00000000fc200000)
  to   space 10752K, 0% used [0x00000000fad00000,0x00000000fad00000,0x00000000fb780000)
 ParOldGen       total 85504K, used 19014K [0x00000000e0000000, 0x00000000e5380000, 0x00000000f5580000)
  object space 85504K, 22% used [0x00000000e0000000,0x00000000e1291a10,0x00000000e5380000)
 Metaspace       used 49328K, capacity 51412K, committed 51672K, reserved 1093632K
  class space    used 6654K, capacity 7074K, committed 7168K, reserved 1048576K
Event: 23.933 GC heap after
Heap after GC invocations=15 (full 2):
 PSYoungGen      total 100352K, used 10732K [0x00000000f5580000, 0x00000000fe180000, 0x0000000100000000)
  eden space 89600K, 0% used [0x00000000f5580000,0x00000000f5580000,0x00000000fad00000)
  from space 10752K, 99% used [0x00000000fad00000,0x00000000fb77b3d8,0x00000000fb780000)
  to   space 13312K, 0% used [0x00000000fd480000,0x00000000fd480000,0x00000000fe180000)
 ParOldGen       total 85504K, used 22688K [0x00000000e0000000, 0x00000000e5380000, 0x00000000f5580000)
  object space 85504K, 26% used [0x00000000e0000000,0x00000000e1628308,0x00000000e5380000)
 Metaspace       used 49328K, capacity 51412K, committed 51672K, reserved 1093632K
  class space    used 6654K, capacity 7074K, committed 7168K, reserved 1048576K
}
Event: 29.246 GC heap before
{Heap before GC invocations=16 (full 2):
 PSYoungGen      total 100352K, used 93113K [0x00000000f5580000, 0x00000000fe180000, 0x0000000100000000)
  eden space 89600K, 91% used [0x00000000f5580000,0x00000000fa5f32b8,0x00000000fad00000)
  from space 10752K, 99% used [0x00000000fad00000,0x00000000fb77b3d8,0x00000000fb780000)
  to   space 13312K, 0% used [0x00000000fd480000,0x00000000fd480000,0x00000000fe180000)
 ParOldGen       total 85504K, used 22688K [0x00000000e0000000, 0x00000000e5380000, 0x00000000f5580000)
  object space 85504K, 26% used [0x00000000e0000000,0x00000000e1628308,0x00000000e5380000)
 Metaspace       used 56618K, capacity 58974K, committed 59028K, reserved 1099776K
  class space    used 7705K, capacity 8192K, committed 8192K, reserved 1048576K
Event: 29.438 GC heap after
Heap after GC invocations=16 (full 2):
 PSYoungGen      total 129536K, used 10452K [0x00000000f5580000, 0x00000000fe680000, 0x0000000100000000)
  eden space 116224K, 0% used [0x00000000f5580000,0x00000000f5580000,0x00000000fc700000)
  from space 13312K, 78% used [0x00000000fd480000,0x00000000fdeb51a8,0x00000000fe180000)
  to   space 13824K, 0% used [0x00000000fc700000,0x00000000fc700000,0x00000000fd480000)
 ParOldGen       total 85504K, used 28196K [0x00000000e0000000, 0x00000000e5380000, 0x00000000f5580000)
  object space 85504K, 32% used [0x00000000e0000000,0x00000000e1b890f8,0x00000000e5380000)
 Metaspace       used 56618K, capacity 58974K, committed 59028K, reserved 1099776K
  class space    used 7705K, capacity 8192K, committed 8192K, reserved 1048576K
}
Event: 29.438 GC heap before
{Heap before GC invocations=17 (full 3):
 PSYoungGen      total 129536K, used 10452K [0x00000000f5580000, 0x00000000fe680000, 0x0000000100000000)
  eden space 116224K, 0% used [0x00000000f5580000,0x00000000f5580000,0x00000000fc700000)
  from space 13312K, 78% used [0x00000000fd480000,0x00000000fdeb51a8,0x00000000fe180000)
  to   space 13824K, 0% used [0x00000000fc700000,0x00000000fc700000,0x00000000fd480000)
 ParOldGen       total 85504K, used 28196K [0x00000000e0000000, 0x00000000e5380000, 0x00000000f5580000)
  object space 85504K, 32% used [0x00000000e0000000,0x00000000e1b890f8,0x00000000e5380000)
 Metaspace       used 56618K, capacity 58974K, committed 59028K, reserved 1099776K
  class space    used 7705K, capacity 8192K, committed 8192K, reserved 1048576K
Event: 30.193 GC heap after
Heap after GC invocations=17 (full 3):
 PSYoungGen      total 129536K, used 0K [0x00000000f5580000, 0x00000000fe680000, 0x0000000100000000)
  eden space 116224K, 0% used [0x00000000f5580000,0x00000000f5580000,0x00000000fc700000)
  from space 13312K, 0% used [0x00000000fd480000,0x00000000fd480000,0x00000000fe180000)
  to   space 13824K, 0% used [0x00000000fc700000,0x00000000fc700000,0x00000000fd480000)
 ParOldGen       total 129536K, used 34869K [0x00000000e0000000, 0x00000000e7e80000, 0x00000000f5580000)
  object space 129536K, 26% used [0x00000000e0000000,0x00000000e220d6a8,0x00000000e7e80000)
 Metaspace       used 56618K, capacity 58974K, committed 59028K, reserved 1099776K
  class space    used 7705K, capacity 8192K, committed 8192K, reserved 1048576K
}
Event: 34.103 GC heap before
{Heap before GC invocations=18 (full 3):
 PSYoungGen      total 129536K, used 116224K [0x00000000f5580000, 0x00000000fe680000, 0x0000000100000000)
  eden space 116224K, 100% used [0x00000000f5580000,0x00000000fc700000,0x00000000fc700000)
  from space 13312K, 0% used [0x00000000fd480000,0x00000000fd480000,0x00000000fe180000)
  to   space 13824K, 0% used [0x00000000fc700000,0x00000000fc700000,0x00000000fd480000)
 ParOldGen       total 129536K, used 34869K [0x00000000e0000000, 0x00000000e7e80000, 0x00000000f5580000)
  object space 129536K, 26% used [0x00000000e0000000,0x00000000e220d6a8,0x00000000e7e80000)
 Metaspace       used 62201K, capacity 64866K, committed 65112K, reserved 1105920K
  class space    used 8554K, capacity 9087K, committed 9088K, reserved 1048576K
Event: 34.196 GC heap after
Heap after GC invocations=18 (full 3):
 PSYoungGen      total 130048K, used 9276K [0x00000000f5580000, 0x0000000100000000, 0x0000000100000000)
  eden space 116224K, 0% used [0x00000000f5580000,0x00000000f5580000,0x00000000fc700000)
  from space 13824K, 67% used [0x00000000fc700000,0x00000000fd00f298,0x00000000fd480000)
  to   space 13824K, 0% used [0x00000000ff280000,0x00000000ff280000,0x0000000100000000)
 ParOldGen       total 129536K, used 34877K [0x00000000e0000000, 0x00000000e7e80000, 0x00000000f5580000)
  object space 129536K, 26% used [0x00000000e0000000,0x00000000e220f6a8,0x00000000e7e80000)
 Metaspace       used 62201K, capacity 64866K, committed 65112K, reserved 1105920K
  class space    used 8554K, capacity 9087K, committed 9088K, reserved 1048576K
}

