# JRE version: OpenJDK Runtime Environment (8.0_242-b01) (build 1.8.0_242-release-1644-b01)
# Java VM: OpenJDK 64-Bit Server VM (25.242-b01 mixed mode windows-amd64 compressed oops)
Heap:
 PSYoungGen      total 135680K, used 77866K [0x00000000f5580000, 0x00000000ffe80000, 0x0000000100000000)
  eden space 98304K, 68% used [0x00000000f5580000,0x00000000f977d128,0x00000000fb580000)
  from space 37376K, 27% used [0x00000000fb580000,0x00000000fbf8d960,0x00000000fda00000)
  to   space 35840K, 0% used [0x00000000fdb80000,0x00000000fdb80000,0x00000000ffe80000)
 ParOldGen       total 100352K, used 83184K [0x00000000e0000000, 0x00000000e6200000, 0x00000000f5580000)
  object space 100352K, 82% used [0x00000000e0000000,0x00000000e513c058,0x00000000e6200000)
 Metaspace       used 83327K, capacity 87390K, committed 87448K, reserved 1124352K
  class space    used 11133K, capacity 11895K, committed 11952K, reserved 1048576K
GC Heap History (10 events):
Event: 91.204 GC heap before
{Heap before GC invocations=22 (full 3):
 PSYoungGen      total 139776K, used 138725K [0x00000000f5580000, 0x0000000100000000, 0x0000000100000000)
  eden space 112128K, 100% used [0x00000000f5580000,0x00000000fc300000,0x00000000fc300000)
  from space 27648K, 96% used [0x00000000fe500000,0x00000000ffef9638,0x0000000100000000)
  to   space 31232K, 0% used [0x00000000fc300000,0x00000000fc300000,0x00000000fe180000)
 ParOldGen       total 100352K, used 70947K [0x00000000e0000000, 0x00000000e6200000, 0x00000000f5580000)
  object space 100352K, 70% used [0x00000000e0000000,0x00000000e4548fd8,0x00000000e6200000)
 Metaspace       used 72155K, capacity 75648K, committed 75672K, reserved 1114112K
  class space    used 9750K, capacity 10403K, committed 10416K, reserved 1048576K
Event: 91.395 GC heap after
Heap after GC invocations=22 (full 3):
 PSYoungGen      total 143360K, used 30854K [0x00000000f5580000, 0x0000000100000000, 0x0000000100000000)
  eden space 112128K, 0% used [0x00000000f5580000,0x00000000f5580000,0x00000000fc300000)
  from space 31232K, 98% used [0x00000000fc300000,0x00000000fe121888,0x00000000fe180000)
  to   space 31232K, 0% used [0x00000000fe180000,0x00000000fe180000,0x0000000100000000)
 ParOldGen       total 100352K, used 70947K [0x00000000e0000000, 0x00000000e6200000, 0x00000000f5580000)
  object space 100352K, 70% used [0x00000000e0000000,0x00000000e4548fd8,0x00000000e6200000)
 Metaspace       used 72155K, capacity 75648K, committed 75672K, reserved 1114112K
  class space    used 9750K, capacity 10403K, committed 10416K, reserved 1048576K
}
Event: 93.315 GC heap before
{Heap before GC invocations=23 (full 3):
 PSYoungGen      total 143360K, used 142982K [0x00000000f5580000, 0x0000000100000000, 0x0000000100000000)
  eden space 112128K, 100% used [0x00000000f5580000,0x00000000fc300000,0x00000000fc300000)
  from space 31232K, 98% used [0x00000000fc300000,0x00000000fe121888,0x00000000fe180000)
  to   space 31232K, 0% used [0x00000000fe180000,0x00000000fe180000,0x0000000100000000)
 ParOldGen       total 100352K, used 70947K [0x00000000e0000000, 0x00000000e6200000, 0x00000000f5580000)
  object space 100352K, 70% used [0x00000000e0000000,0x00000000e4548fd8,0x00000000e6200000)
 Metaspace       used 72226K, capacity 75732K, committed 75928K, reserved 1114112K
  class space    used 9756K, capacity 10407K, committed 10416K, reserved 1048576K
Event: 93.406 GC heap after
Heap after GC invocations=23 (full 3):
 PSYoungGen      total 128000K, used 28342K [0x00000000f5580000, 0x0000000100000000, 0x0000000100000000)
  eden space 96768K, 0% used [0x00000000f5580000,0x00000000f5580000,0x00000000fb400000)
  from space 31232K, 90% used [0x00000000fe180000,0x00000000ffd2da48,0x0000000100000000)
  to   space 38912K, 0% used [0x00000000fb400000,0x00000000fb400000,0x00000000fda00000)
 ParOldGen       total 100352K, used 74748K [0x00000000e0000000, 0x00000000e6200000, 0x00000000f5580000)
  object space 100352K, 74% used [0x00000000e0000000,0x00000000e48ff130,0x00000000e6200000)
 Metaspace       used 72226K, capacity 75732K, committed 75928K, reserved 1114112K
  class space    used 9756K, capacity 10407K, committed 10416K, reserved 1048576K
}
Event: 109.587 GC heap before
{Heap before GC invocations=24 (full 3):
 PSYoungGen      total 128000K, used 125110K [0x00000000f5580000, 0x0000000100000000, 0x0000000100000000)
  eden space 96768K, 100% used [0x00000000f5580000,0x00000000fb400000,0x00000000fb400000)
  from space 31232K, 90% used [0x00000000fe180000,0x00000000ffd2da48,0x0000000100000000)
  to   space 38912K, 0% used [0x00000000fb400000,0x00000000fb400000,0x00000000fda00000)
 ParOldGen       total 100352K, used 74748K [0x00000000e0000000, 0x00000000e6200000, 0x00000000f5580000)
  object space 100352K, 74% used [0x00000000e0000000,0x00000000e48ff130,0x00000000e6200000)
 Metaspace       used 73013K, capacity 76568K, committed 76824K, reserved 1116160K
  class space    used 9840K, capacity 10485K, committed 10544K, reserved 1048576K
Event: 109.907 GC heap after
Heap after GC invocations=24 (full 3):
 PSYoungGen      total 135680K, used 12677K [0x00000000f5580000, 0x0000000100000000, 0x0000000100000000)
  eden space 96768K, 0% used [0x00000000f5580000,0x00000000f5580000,0x00000000fb400000)
  from space 38912K, 32% used [0x00000000fb400000,0x00000000fc061400,0x00000000fda00000)
  to   space 37376K, 0% used [0x00000000fdb80000,0x00000000fdb80000,0x0000000100000000)
 ParOldGen       total 100352K, used 79845K [0x00000000e0000000, 0x00000000e6200000, 0x00000000f5580000)
  object space 100352K, 79% used [0x00000000e0000000,0x00000000e4df9730,0x00000000e6200000)
 Metaspace       used 73013K, capacity 76568K, committed 76824K, reserved 1116160K
  class space    used 9840K, capacity 10485K, committed 10544K, reserved 1048576K
}
Event: 120.261 GC heap before
{Heap before GC invocations=25 (full 3):
 PSYoungGen      total 135680K, used 109445K [0x00000000f5580000, 0x0000000100000000, 0x0000000100000000)
  eden space 96768K, 100% used [0x00000000f5580000,0x00000000fb400000,0x00000000fb400000)
  from space 38912K, 32% used [0x00000000fb400000,0x00000000fc061400,0x00000000fda00000)
  to   space 37376K, 0% used [0x00000000fdb80000,0x00000000fdb80000,0x0000000100000000)
 ParOldGen       total 100352K, used 79845K [0x00000000e0000000, 0x00000000e6200000, 0x00000000f5580000)
  object space 100352K, 79% used [0x00000000e0000000,0x00000000e4df9730,0x00000000e6200000)
 Metaspace       used 73852K, capacity 77458K, committed 77720K, reserved 1116160K
  class space    used 9928K, capacity 10598K, committed 10672K, reserved 1048576K
Event: 120.341 GC heap after
Heap after GC invocations=25 (full 3):
 PSYoungGen      total 134144K, used 2369K [0x00000000f5580000, 0x00000000ffe80000, 0x0000000100000000)
  eden space 98304K, 0% used [0x00000000f5580000,0x00000000f5580000,0x00000000fb580000)
  from space 35840K, 6% used [0x00000000fdb80000,0x00000000fddd06d8,0x00000000ffe80000)
  to   space 37376K, 0% used [0x00000000fb580000,0x00000000fb580000,0x00000000fda00000)
 ParOldGen       total 100352K, used 83160K [0x00000000e0000000, 0x00000000e6200000, 0x00000000f5580000)
  object space 100352K, 82% used [0x00000000e0000000,0x00000000e5136058,0x00000000e6200000)
 Metaspace       used 73852K, capacity 77458K, committed 77720K, reserved 1116160K
  class space    used 9928K, capacity 10598K, committed 10672K, reserved 1048576K
}
Event: 138.152 GC heap before
{Heap before GC invocations=26 (full 3):
 PSYoungGen      total 134144K, used 100673K [0x00000000f5580000, 0x00000000ffe80000, 0x0000000100000000)
  eden space 98304K, 100% used [0x00000000f5580000,0x00000000fb580000,0x00000000fb580000)
  from space 35840K, 6% used [0x00000000fdb80000,0x00000000fddd06d8,0x00000000ffe80000)
  to   space 37376K, 0% used [0x00000000fb580000,0x00000000fb580000,0x00000000fda00000)
 ParOldGen       total 100352K, used 83160K [0x00000000e0000000, 0x00000000e6200000, 0x00000000f5580000)
  object space 100352K, 82% used [0x00000000e0000000,0x00000000e5136058,0x00000000e6200000)
 Metaspace       used 79659K, capacity 83398K, committed 83736K, reserved 1122304K
  class space    used 10624K, capacity 11305K, committed 11312K, reserved 1048576K
Event: 138.273 GC heap after
Heap after GC invocations=26 (full 3):
 PSYoungGen      total 135680K, used 10294K [0x00000000f5580000, 0x00000000ffe80000, 0x0000000100000000)
  eden space 98304K, 0% used [0x00000000f5580000,0x00000000f5580000,0x00000000fb580000)
  from space 37376K, 27% used [0x00000000fb580000,0x00000000fbf8d960,0x00000000fda00000)
  to   space 35840K, 0% used [0x00000000fdb80000,0x00000000fdb80000,0x00000000ffe80000)
 ParOldGen       total 100352K, used 83184K [0x00000000e0000000, 0x00000000e6200000, 0x00000000f5580000)
  object space 100352K, 82% used [0x00000000e0000000,0x00000000e513c058,0x00000000e6200000)
 Metaspace       used 79659K, capacity 83398K, committed 83736K, reserved 1122304K
  class space    used 10624K, capacity 11305K, committed 11312K, reserved 1048576K
}

