# JRE version: OpenJDK Runtime Environment (8.0_242-b01) (build 1.8.0_242-release-1644-b01)
# Java VM: OpenJDK 64-Bit Server VM (25.242-b01 mixed mode windows-amd64 compressed oops)
Heap:
 PSYoungGen      total 134144K, used 23734K [0x00000000f5580000, 0x00000000ffd80000, 0x0000000100000000)
  eden space 98304K, 17% used [0x00000000f5580000,0x00000000f660d928,0x00000000fb580000)
  from space 35840K, 18% used [0x00000000fda80000,0x00000000fe120000,0x00000000ffd80000)
  to   space 36864K, 0% used [0x00000000fb580000,0x00000000fb580000,0x00000000fd980000)
 ParOldGen       total 305664K, used 164322K [0x00000000e0000000, 0x00000000f2a80000, 0x00000000f5580000)
  object space 305664K, 53% used [0x00000000e0000000,0x00000000ea0788b0,0x00000000f2a80000)
 Metaspace       used 95792K, capacity 100972K, committed 101144K, reserved 1136640K
  class space    used 12412K, capacity 13328K, committed 13360K, reserved 1048576K
GC Heap History (10 events):
Event: 2377.699 GC heap before
{Heap before GC invocations=85 (full 7):
 PSYoungGen      total 133632K, used 117852K [0x00000000f5580000, 0x00000000fff00000, 0x0000000100000000)
  eden space 98304K, 100% used [0x00000000f5580000,0x00000000fb580000,0x00000000fb580000)
  from space 35328K, 55% used [0x00000000fb580000,0x00000000fc897388,0x00000000fd800000)
  to   space 35328K, 0% used [0x00000000fdc80000,0x00000000fdc80000,0x00000000fff00000)
 ParOldGen       total 305664K, used 157870K [0x00000000e0000000, 0x00000000f2a80000, 0x00000000f5580000)
  object space 305664K, 51% used [0x00000000e0000000,0x00000000e9a2b8f8,0x00000000f2a80000)
 Metaspace       used 94275K, capacity 99010K, committed 99224K, reserved 1134592K
  class space    used 12281K, capacity 13127K, committed 13232K, reserved 1048576K
Event: 2378.285 GC heap after
Heap after GC invocations=85 (full 7):
 PSYoungGen      total 134144K, used 27031K [0x00000000f5580000, 0x0000000100000000, 0x0000000100000000)
  eden space 98816K, 0% used [0x00000000f5580000,0x00000000f5580000,0x00000000fb600000)
  from space 35328K, 76% used [0x00000000fdc80000,0x00000000ff6e5db0,0x00000000fff00000)
  to   space 37888K, 0% used [0x00000000fb600000,0x00000000fb600000,0x00000000fdb00000)
 ParOldGen       total 305664K, used 157902K [0x00000000e0000000, 0x00000000f2a80000, 0x00000000f5580000)
  object space 305664K, 51% used [0x00000000e0000000,0x00000000e9a338f8,0x00000000f2a80000)
 Metaspace       used 94275K, capacity 99010K, committed 99224K, reserved 1134592K
  class space    used 12281K, capacity 13127K, committed 13232K, reserved 1048576K
}
Event: 3572.087 GC heap before
{Heap before GC invocations=86 (full 7):
 PSYoungGen      total 134144K, used 125847K [0x00000000f5580000, 0x0000000100000000, 0x0000000100000000)
  eden space 98816K, 100% used [0x00000000f5580000,0x00000000fb600000,0x00000000fb600000)
  from space 35328K, 76% used [0x00000000fdc80000,0x00000000ff6e5db0,0x00000000fff00000)
  to   space 37888K, 0% used [0x00000000fb600000,0x00000000fb600000,0x00000000fdb00000)
 ParOldGen       total 305664K, used 157902K [0x00000000e0000000, 0x00000000f2a80000, 0x00000000f5580000)
  object space 305664K, 51% used [0x00000000e0000000,0x00000000e9a338f8,0x00000000f2a80000)
 Metaspace       used 94495K, capacity 99290K, committed 99480K, reserved 1136640K
  class space    used 12293K, capacity 13141K, committed 13232K, reserved 1048576K
Event: 3572.411 GC heap after
Heap after GC invocations=86 (full 7):
 PSYoungGen      total 136704K, used 7788K [0x00000000f5580000, 0x0000000100000000, 0x0000000100000000)
  eden space 98816K, 0% used [0x00000000f5580000,0x00000000f5580000,0x00000000fb600000)
  from space 37888K, 20% used [0x00000000fb600000,0x00000000fbd9b120,0x00000000fdb00000)
  to   space 36864K, 0% used [0x00000000fdc00000,0x00000000fdc00000,0x0000000100000000)
 ParOldGen       total 305664K, used 159694K [0x00000000e0000000, 0x00000000f2a80000, 0x00000000f5580000)
  object space 305664K, 52% used [0x00000000e0000000,0x00000000e9bf3928,0x00000000f2a80000)
 Metaspace       used 94495K, capacity 99290K, committed 99480K, reserved 1136640K
  class space    used 12293K, capacity 13141K, committed 13232K, reserved 1048576K
}
Event: 3577.883 GC heap before
{Heap before GC invocations=87 (full 7):
 PSYoungGen      total 136704K, used 106604K [0x00000000f5580000, 0x0000000100000000, 0x0000000100000000)
  eden space 98816K, 100% used [0x00000000f5580000,0x00000000fb600000,0x00000000fb600000)
  from space 37888K, 20% used [0x00000000fb600000,0x00000000fbd9b120,0x00000000fdb00000)
  to   space 36864K, 0% used [0x00000000fdc00000,0x00000000fdc00000,0x0000000100000000)
 ParOldGen       total 305664K, used 159694K [0x00000000e0000000, 0x00000000f2a80000, 0x00000000f5580000)
  object space 305664K, 52% used [0x00000000e0000000,0x00000000e9bf3928,0x00000000f2a80000)
 Metaspace       used 94872K, capacity 99622K, committed 99736K, reserved 1136640K
  class space    used 12310K, capacity 13151K, committed 13232K, reserved 1048576K
Event: 3577.977 GC heap after
Heap after GC invocations=87 (full 7):
 PSYoungGen      total 133632K, used 26145K [0x00000000f5580000, 0x0000000100000000, 0x0000000100000000)
  eden space 96768K, 0% used [0x00000000f5580000,0x00000000f5580000,0x00000000fb400000)
  from space 36864K, 70% used [0x00000000fdc00000,0x00000000ff5885e8,0x0000000100000000)
  to   space 38912K, 0% used [0x00000000fb400000,0x00000000fb400000,0x00000000fda00000)
 ParOldGen       total 305664K, used 160049K [0x00000000e0000000, 0x00000000f2a80000, 0x00000000f5580000)
  object space 305664K, 52% used [0x00000000e0000000,0x00000000e9c4c4b0,0x00000000f2a80000)
 Metaspace       used 94872K, capacity 99622K, committed 99736K, reserved 1136640K
  class space    used 12310K, capacity 13151K, committed 13232K, reserved 1048576K
}
Event: 3580.198 GC heap before
{Heap before GC invocations=88 (full 7):
 PSYoungGen      total 133632K, used 122913K [0x00000000f5580000, 0x0000000100000000, 0x0000000100000000)
  eden space 96768K, 100% used [0x00000000f5580000,0x00000000fb400000,0x00000000fb400000)
  from space 36864K, 70% used [0x00000000fdc00000,0x00000000ff5885e8,0x0000000100000000)
  to   space 38912K, 0% used [0x00000000fb400000,0x00000000fb400000,0x00000000fda00000)
 ParOldGen       total 305664K, used 160049K [0x00000000e0000000, 0x00000000f2a80000, 0x00000000f5580000)
  object space 305664K, 52% used [0x00000000e0000000,0x00000000e9c4c4b0,0x00000000f2a80000)
 Metaspace       used 95043K, capacity 100020K, committed 100248K, reserved 1136640K
  class space    used 12328K, capacity 13182K, committed 13232K, reserved 1048576K
Event: 3580.234 GC heap after
Heap after GC invocations=88 (full 7):
 PSYoungGen      total 135680K, used 12048K [0x00000000f5580000, 0x00000000fff00000, 0x0000000100000000)
  eden space 96768K, 0% used [0x00000000f5580000,0x00000000f5580000,0x00000000fb400000)
  from space 38912K, 30% used [0x00000000fb400000,0x00000000fbfc40b0,0x00000000fda00000)
  to   space 37376K, 0% used [0x00000000fda80000,0x00000000fda80000,0x00000000fff00000)
 ParOldGen       total 305664K, used 160392K [0x00000000e0000000, 0x00000000f2a80000, 0x00000000f5580000)
  object space 305664K, 52% used [0x00000000e0000000,0x00000000e9ca21c8,0x00000000f2a80000)
 Metaspace       used 95043K, capacity 100020K, committed 100248K, reserved 1136640K
  class space    used 12328K, capacity 13182K, committed 13232K, reserved 1048576K
}
Event: 3927.526 GC heap before
{Heap before GC invocations=89 (full 7):
 PSYoungGen      total 135680K, used 108816K [0x00000000f5580000, 0x00000000fff00000, 0x0000000100000000)
  eden space 96768K, 100% used [0x00000000f5580000,0x00000000fb400000,0x00000000fb400000)
  from space 38912K, 30% used [0x00000000fb400000,0x00000000fbfc40b0,0x00000000fda00000)
  to   space 37376K, 0% used [0x00000000fda80000,0x00000000fda80000,0x00000000fff00000)
 ParOldGen       total 305664K, used 160392K [0x00000000e0000000, 0x00000000f2a80000, 0x00000000f5580000)
  object space 305664K, 52% used [0x00000000e0000000,0x00000000e9ca21c8,0x00000000f2a80000)
 Metaspace       used 95747K, capacity 100962K, committed 101144K, reserved 1136640K
  class space    used 12410K, capacity 13327K, committed 13360K, reserved 1048576K
Event: 3927.590 GC heap after
Heap after GC invocations=89 (full 7):
 PSYoungGen      total 134144K, used 6784K [0x00000000f5580000, 0x00000000ffd80000, 0x0000000100000000)
  eden space 98304K, 0% used [0x00000000f5580000,0x00000000f5580000,0x00000000fb580000)
  from space 35840K, 18% used [0x00000000fda80000,0x00000000fe120000,0x00000000ffd80000)
  to   space 36864K, 0% used [0x00000000fb580000,0x00000000fb580000,0x00000000fd980000)
 ParOldGen       total 305664K, used 164322K [0x00000000e0000000, 0x00000000f2a80000, 0x00000000f5580000)
  object space 305664K, 53% used [0x00000000e0000000,0x00000000ea0788b0,0x00000000f2a80000)
 Metaspace       used 95747K, capacity 100962K, committed 101144K, reserved 1136640K
  class space    used 12410K, capacity 13327K, committed 13360K, reserved 1048576K
}

